<?xml version="1.0" encoding="UTF-8"?>
<!-- Generated by org.testng.reporters.JUnitReportReporter -->
<testsuite hostname="DESKTOP-87D2P7E" name="Com.Actitime.Tests.ValidLoginLogoutTest" tests="2" failures="0" timestamp="25 Dec 2019 06:38:52 GMT" time="45.034" errors="0">
  <testcase name="testValidloginlogout" time="22.600" classname="Com.Actitime.Tests.ValidLoginLogoutTest"/>
  <testcase name="testValidloginlogout" time="22.434" classname="Com.Actitime.Tests.ValidLoginLogoutTest"/>
</testsuite> <!-- Com.Actitime.Tests.ValidLoginLogoutTest -->
