<?xml version="1.0" encoding="UTF-8"?>
<!-- Generated by org.testng.reporters.JUnitReportReporter -->
<testsuite skipped="0" hostname="DESKTOP-87D2P7E" name="InvalidLoginTest" tests="1" failures="0" timestamp="19 Dec 2019 03:22:51 GMT" time="51.491" errors="0">
  <testcase name="testInvlidLoginlogout" time="51.491" classname="InvalidLoginTest"/>
</testsuite> <!-- InvalidLoginTest -->
