<?xml version="1.0" encoding="UTF-8"?>
<!-- Generated by org.testng.reporters.JUnitReportReporter -->
<testsuite skipped="0" hostname="DESKTOP-87D2P7E" name="VerifyversionTest" tests="1" failures="0" timestamp="19 Dec 2019 03:45:49 GMT" time="18.939" errors="0">
  <testcase name="testVerifyVersion" time="18.939" classname="VerifyversionTest"/>
</testsuite> <!-- VerifyversionTest -->
