<?xml version="1.0" encoding="UTF-8"?>
<!-- Generated by org.testng.reporters.JUnitReportReporter -->
<testsuite hostname="DESKTOP-87D2P7E" name="Com.Actitime.Tests.InvalidLoginTest" tests="2" failures="0" timestamp="25 Dec 2019 06:38:52 GMT" time="55.764" errors="0">
  <testcase name="testInvlidLoginlogout" time="24.223" classname="Com.Actitime.Tests.InvalidLoginTest"/>
  <testcase name="testInvlidLoginlogout" time="31.541" classname="Com.Actitime.Tests.InvalidLoginTest"/>
</testsuite> <!-- Com.Actitime.Tests.InvalidLoginTest -->
