<?xml version="1.0" encoding="UTF-8"?>
<!-- Generated by org.testng.reporters.JUnitReportReporter -->
<testsuite hostname="DESKTOP-87D2P7E" name="Com.Actitime.Tests.VerifyversionTest" tests="2" failures="0" timestamp="25 Dec 2019 06:38:52 GMT" time="32.997" errors="0">
  <testcase name="testVerifyVersion" time="17.905" classname="Com.Actitime.Tests.VerifyversionTest"/>
  <testcase name="testVerifyVersion" time="15.092" classname="Com.Actitime.Tests.VerifyversionTest"/>
</testsuite> <!-- Com.Actitime.Tests.VerifyversionTest -->
